<?xml version="1.0" encoding="UTF-8"?>
<!-- Generated by org.testng.reporters.JUnitXMLReporter -->
<testsuite ignored="0" hostname="Liya" failures="0" tests="3" name="Default test" time="76.56" errors="0" timestamp="2023-07-30T18:44:58 IST">
  <testcase classname="com.billing.tests.AddProductTest" name="verifyAddProductSearch" time="7.625"/>
  <testcase classname="com.billing.tests.AddProductTest" name="verifyProductDeletion" time="6.551"/>
  <testcase classname="com.billing.tests.AddProductTest" name="verifyAddProductPage" time="19.788"/>
</testsuite> <!-- Default test -->
