<?xml version="1.0" encoding="UTF-8"?>
<!-- Generated by org.testng.reporters.JUnitXMLReporter -->
<testsuite ignored="0" hostname="Liya" failures="0" tests="10" name="Test" time="175.436" errors="0" timestamp="2023-07-30T18:48:08 IST">
  <testcase classname="com.billing.tests.LoginTest" name="verifyLoginUsingValidCredentials" time="2.25"/>
  <testcase classname="com.billing.tests.UserPageTest" name="verifyUserAdd" time="9.404"/>
  <testcase classname="com.billing.tests.UserPageTest" name="verifyUserDelete" time="6.735"/>
  <testcase classname="com.billing.tests.UserPageTest" name="verifyUserSearch" time="5.641"/>
  <testcase classname="com.billing.tests.AddProductTest" name="verifyAddProductSearch" time="8.121"/>
  <testcase classname="com.billing.tests.AddProductTest" name="verifyProductDeletion" time="6.879"/>
  <testcase classname="com.billing.tests.AddProductTest" name="verifyAddProductPage" time="9.804"/>
  <testcase classname="com.billing.tests.SupplierPageTest" name="verifySupplierPageAddFunctionality" time="6.596"/>
  <testcase classname="com.billing.tests.SupplierPageTest" name="verifySupplierPageDeleteFunctionality" time="6.368"/>
  <testcase classname="com.billing.tests.SupplierPageTest" name="verifySupplierPageSearchFunctionality" time="5.371"/>
</testsuite> <!-- Test -->
