<?xml version="1.0" encoding="UTF-8"?>
<testng-results ignored="0" total="10" passed="10" failed="0" skipped="0">
  <reporter-output>
  </reporter-output>
  <suite started-at="2023-07-30T18:45:13 IST" name="Suite" finished-at="2023-07-30T18:48:08 IST" duration-ms="175436">
    <groups>
      <group name="regression">
        <method signature="AddProductTest.verifyAddProductPage(java.lang.String,java.lang.String,java.lang.String,java.lang.String)[pri:1, instance:com.billing.tests.AddProductTest@598bd2ba]" name="verifyAddProductPage" class="com.billing.tests.AddProductTest"/>
      </group> <!-- regression -->
      <group name="sanity">
        <method signature="AddProductTest.verifyAddProductPage(java.lang.String,java.lang.String,java.lang.String,java.lang.String)[pri:1, instance:com.billing.tests.AddProductTest@598bd2ba]" name="verifyAddProductPage" class="com.billing.tests.AddProductTest"/>
        <method signature="LoginTest.verifyLoginUsingValidCredentials()[pri:1, instance:com.billing.tests.LoginTest@1fc32e4f]" name="verifyLoginUsingValidCredentials" class="com.billing.tests.LoginTest"/>
      </group> <!-- sanity -->
    </groups>
    <test started-at="2023-07-30T18:45:13 IST" name="Test" finished-at="2023-07-30T18:48:08 IST" duration-ms="175436">
      <class name="com.billing.tests.LoginTest">
        <test-method is-config="true" signature="beforeMethod(java.lang.String)[pri:0, instance:com.billing.tests.LoginTest@1fc32e4f]" started-at="2023-07-30T18:45:13 IST" name="beforeMethod" finished-at="2023-07-30T18:45:20 IST" duration-ms="7462" status="PASS">
          <params>
            <param index="0">
              <value>
                <![CDATA[chrome]]>
              </value>
            </param>
          </params>
          <reporter-output>
          </reporter-output>
        </test-method> <!-- beforeMethod -->
        <test-method signature="verifyLoginUsingValidCredentials()[pri:1, instance:com.billing.tests.LoginTest@1fc32e4f]" started-at="2023-07-30T18:45:20 IST" name="verifyLoginUsingValidCredentials" finished-at="2023-07-30T18:45:22 IST" duration-ms="2250" status="PASS">
          <reporter-output>
          </reporter-output>
        </test-method> <!-- verifyLoginUsingValidCredentials -->
        <test-method is-config="true" signature="takeScreenShotOnFailure(org.testng.ITestResult)[pri:0, instance:com.billing.tests.LoginTest@1fc32e4f]" started-at="2023-07-30T18:45:22 IST" name="takeScreenShotOnFailure" finished-at="2023-07-30T18:45:23 IST" duration-ms="688" status="PASS">
          <params>
            <param index="0">
              <value>
                <![CDATA[[TestResult name=verifyLoginUsingValidCredentials status=SUCCESS method=LoginTest.verifyLoginUsingValidCredentials()[pri:1, instance:com.billing.tests.LoginTest@1fc32e4f] output={null}]]]>
              </value>
            </param>
          </params>
          <reporter-output>
          </reporter-output>
        </test-method> <!-- takeScreenShotOnFailure -->
      </class> <!-- com.billing.tests.LoginTest -->
      <class name="com.billing.tests.UserPageTest">
        <test-method is-config="true" signature="beforeMethod(java.lang.String)[pri:0, instance:com.billing.tests.UserPageTest@4c1f22f3]" started-at="2023-07-30T18:45:23 IST" name="beforeMethod" finished-at="2023-07-30T18:45:37 IST" duration-ms="13729" status="PASS">
          <params>
            <param index="0">
              <value>
                <![CDATA[chrome]]>
              </value>
            </param>
          </params>
          <reporter-output>
          </reporter-output>
        </test-method> <!-- beforeMethod -->
        <test-method signature="verifyUserAdd()[pri:0, instance:com.billing.tests.UserPageTest@4c1f22f3]" started-at="2023-07-30T18:45:37 IST" name="verifyUserAdd" finished-at="2023-07-30T18:45:46 IST" duration-ms="9404" status="PASS">
          <reporter-output>
          </reporter-output>
        </test-method> <!-- verifyUserAdd -->
        <test-method is-config="true" signature="takeScreenShotOnFailure(org.testng.ITestResult)[pri:0, instance:com.billing.tests.UserPageTest@4c1f22f3]" started-at="2023-07-30T18:45:46 IST" name="takeScreenShotOnFailure" finished-at="2023-07-30T18:45:47 IST" duration-ms="696" status="PASS">
          <params>
            <param index="0">
              <value>
                <![CDATA[[TestResult name=verifyUserAdd status=SUCCESS method=UserPageTest.verifyUserAdd()[pri:0, instance:com.billing.tests.UserPageTest@4c1f22f3] output={null}]]]>
              </value>
            </param>
          </params>
          <reporter-output>
          </reporter-output>
        </test-method> <!-- takeScreenShotOnFailure -->
        <test-method is-config="true" signature="beforeMethod(java.lang.String)[pri:0, instance:com.billing.tests.UserPageTest@4c1f22f3]" started-at="2023-07-30T18:45:47 IST" name="beforeMethod" finished-at="2023-07-30T18:45:55 IST" duration-ms="7822" status="PASS">
          <params>
            <param index="0">
              <value>
                <![CDATA[chrome]]>
              </value>
            </param>
          </params>
          <reporter-output>
          </reporter-output>
        </test-method> <!-- beforeMethod -->
        <test-method signature="verifyUserDelete()[pri:0, instance:com.billing.tests.UserPageTest@4c1f22f3]" started-at="2023-07-30T18:45:55 IST" name="verifyUserDelete" finished-at="2023-07-30T18:46:01 IST" duration-ms="6735" status="PASS">
          <reporter-output>
          </reporter-output>
        </test-method> <!-- verifyUserDelete -->
        <test-method is-config="true" signature="takeScreenShotOnFailure(org.testng.ITestResult)[pri:0, instance:com.billing.tests.UserPageTest@4c1f22f3]" started-at="2023-07-30T18:46:01 IST" name="takeScreenShotOnFailure" finished-at="2023-07-30T18:46:02 IST" duration-ms="675" status="PASS">
          <params>
            <param index="0">
              <value>
                <![CDATA[[TestResult name=verifyUserDelete status=SUCCESS method=UserPageTest.verifyUserDelete()[pri:0, instance:com.billing.tests.UserPageTest@4c1f22f3] output={null}]]]>
              </value>
            </param>
          </params>
          <reporter-output>
          </reporter-output>
        </test-method> <!-- takeScreenShotOnFailure -->
        <test-method is-config="true" signature="beforeMethod(java.lang.String)[pri:0, instance:com.billing.tests.UserPageTest@4c1f22f3]" started-at="2023-07-30T18:46:02 IST" name="beforeMethod" finished-at="2023-07-30T18:46:14 IST" duration-ms="12279" status="PASS">
          <params>
            <param index="0">
              <value>
                <![CDATA[chrome]]>
              </value>
            </param>
          </params>
          <reporter-output>
          </reporter-output>
        </test-method> <!-- beforeMethod -->
        <test-method signature="verifyUserSearch()[pri:0, instance:com.billing.tests.UserPageTest@4c1f22f3]" started-at="2023-07-30T18:46:14 IST" name="verifyUserSearch" finished-at="2023-07-30T18:46:20 IST" duration-ms="5641" status="PASS">
          <reporter-output>
          </reporter-output>
        </test-method> <!-- verifyUserSearch -->
        <test-method is-config="true" signature="takeScreenShotOnFailure(org.testng.ITestResult)[pri:0, instance:com.billing.tests.UserPageTest@4c1f22f3]" started-at="2023-07-30T18:46:20 IST" name="takeScreenShotOnFailure" finished-at="2023-07-30T18:46:21 IST" duration-ms="671" status="PASS">
          <params>
            <param index="0">
              <value>
                <![CDATA[[TestResult name=verifyUserSearch status=SUCCESS method=UserPageTest.verifyUserSearch()[pri:0, instance:com.billing.tests.UserPageTest@4c1f22f3] output={null}]]]>
              </value>
            </param>
          </params>
          <reporter-output>
          </reporter-output>
        </test-method> <!-- takeScreenShotOnFailure -->
      </class> <!-- com.billing.tests.UserPageTest -->
      <class name="com.billing.tests.SupplierPageTest">
        <test-method is-config="true" signature="beforeMethod(java.lang.String)[pri:0, instance:com.billing.tests.SupplierPageTest@4f5991f6]" started-at="2023-07-30T18:47:18 IST" name="beforeMethod" finished-at="2023-07-30T18:47:25 IST" duration-ms="7196" status="PASS">
          <params>
            <param index="0">
              <value>
                <![CDATA[chrome]]>
              </value>
            </param>
          </params>
          <reporter-output>
          </reporter-output>
        </test-method> <!-- beforeMethod -->
        <test-method signature="verifySupplierPageAddFunctionality()[pri:0, instance:com.billing.tests.SupplierPageTest@4f5991f6]" started-at="2023-07-30T18:47:25 IST" name="verifySupplierPageAddFunctionality" finished-at="2023-07-30T18:47:32 IST" duration-ms="6596" status="PASS">
          <reporter-output>
          </reporter-output>
        </test-method> <!-- verifySupplierPageAddFunctionality -->
        <test-method is-config="true" signature="takeScreenShotOnFailure(org.testng.ITestResult)[pri:0, instance:com.billing.tests.SupplierPageTest@4f5991f6]" started-at="2023-07-30T18:47:32 IST" name="takeScreenShotOnFailure" finished-at="2023-07-30T18:47:32 IST" duration-ms="672" status="PASS">
          <params>
            <param index="0">
              <value>
                <![CDATA[[TestResult name=verifySupplierPageAddFunctionality status=SUCCESS method=SupplierPageTest.verifySupplierPageAddFunctionality()[pri:0, instance:com.billing.tests.SupplierPageTest@4f5991f6] output={null}]]]>
              </value>
            </param>
          </params>
          <reporter-output>
          </reporter-output>
        </test-method> <!-- takeScreenShotOnFailure -->
        <test-method is-config="true" signature="beforeMethod(java.lang.String)[pri:0, instance:com.billing.tests.SupplierPageTest@4f5991f6]" started-at="2023-07-30T18:47:32 IST" name="beforeMethod" finished-at="2023-07-30T18:47:47 IST" duration-ms="14371" status="PASS">
          <params>
            <param index="0">
              <value>
                <![CDATA[chrome]]>
              </value>
            </param>
          </params>
          <reporter-output>
          </reporter-output>
        </test-method> <!-- beforeMethod -->
        <test-method signature="verifySupplierPageDeleteFunctionality()[pri:0, instance:com.billing.tests.SupplierPageTest@4f5991f6]" started-at="2023-07-30T18:47:47 IST" name="verifySupplierPageDeleteFunctionality" finished-at="2023-07-30T18:47:53 IST" duration-ms="6368" status="PASS">
          <reporter-output>
          </reporter-output>
        </test-method> <!-- verifySupplierPageDeleteFunctionality -->
        <test-method is-config="true" signature="takeScreenShotOnFailure(org.testng.ITestResult)[pri:0, instance:com.billing.tests.SupplierPageTest@4f5991f6]" started-at="2023-07-30T18:47:53 IST" name="takeScreenShotOnFailure" finished-at="2023-07-30T18:47:54 IST" duration-ms="742" status="PASS">
          <params>
            <param index="0">
              <value>
                <![CDATA[[TestResult name=verifySupplierPageDeleteFunctionality status=SUCCESS method=SupplierPageTest.verifySupplierPageDeleteFunctionality()[pri:0, instance:com.billing.tests.SupplierPageTest@4f5991f6] output={null}]]]>
              </value>
            </param>
          </params>
          <reporter-output>
          </reporter-output>
        </test-method> <!-- takeScreenShotOnFailure -->
        <test-method is-config="true" signature="beforeMethod(java.lang.String)[pri:0, instance:com.billing.tests.SupplierPageTest@4f5991f6]" started-at="2023-07-30T18:47:54 IST" name="beforeMethod" finished-at="2023-07-30T18:48:02 IST" duration-ms="7935" status="PASS">
          <params>
            <param index="0">
              <value>
                <![CDATA[chrome]]>
              </value>
            </param>
          </params>
          <reporter-output>
          </reporter-output>
        </test-method> <!-- beforeMethod -->
        <test-method signature="verifySupplierPageSearchFunctionality()[pri:0, instance:com.billing.tests.SupplierPageTest@4f5991f6]" started-at="2023-07-30T18:48:02 IST" name="verifySupplierPageSearchFunctionality" finished-at="2023-07-30T18:48:07 IST" duration-ms="5371" status="PASS">
          <reporter-output>
          </reporter-output>
        </test-method> <!-- verifySupplierPageSearchFunctionality -->
        <test-method is-config="true" signature="takeScreenShotOnFailure(org.testng.ITestResult)[pri:0, instance:com.billing.tests.SupplierPageTest@4f5991f6]" started-at="2023-07-30T18:48:07 IST" name="takeScreenShotOnFailure" finished-at="2023-07-30T18:48:08 IST" duration-ms="661" status="PASS">
          <params>
            <param index="0">
              <value>
                <![CDATA[[TestResult name=verifySupplierPageSearchFunctionality status=SUCCESS method=SupplierPageTest.verifySupplierPageSearchFunctionality()[pri:0, instance:com.billing.tests.SupplierPageTest@4f5991f6] output={null}]]]>
              </value>
            </param>
          </params>
          <reporter-output>
          </reporter-output>
        </test-method> <!-- takeScreenShotOnFailure -->
      </class> <!-- com.billing.tests.SupplierPageTest -->
      <class name="com.billing.tests.AddProductTest">
        <test-method is-config="true" signature="beforeMethod(java.lang.String)[pri:0, instance:com.billing.tests.AddProductTest@598bd2ba]" started-at="2023-07-30T18:46:21 IST" name="beforeMethod" finished-at="2023-07-30T18:46:33 IST" duration-ms="12788" status="PASS">
          <params>
            <param index="0">
              <value>
                <![CDATA[chrome]]>
              </value>
            </param>
          </params>
          <reporter-output>
          </reporter-output>
        </test-method> <!-- beforeMethod -->
        <test-method signature="verifyAddProductSearch()[pri:0, instance:com.billing.tests.AddProductTest@598bd2ba]" started-at="2023-07-30T18:46:33 IST" name="verifyAddProductSearch" finished-at="2023-07-30T18:46:42 IST" duration-ms="8121" status="PASS">
          <reporter-output>
          </reporter-output>
        </test-method> <!-- verifyAddProductSearch -->
        <test-method is-config="true" signature="takeScreenShotOnFailure(org.testng.ITestResult)[pri:0, instance:com.billing.tests.AddProductTest@598bd2ba]" started-at="2023-07-30T18:46:42 IST" name="takeScreenShotOnFailure" finished-at="2023-07-30T18:46:42 IST" duration-ms="680" status="PASS">
          <params>
            <param index="0">
              <value>
                <![CDATA[[TestResult name=verifyAddProductSearch status=SUCCESS method=AddProductTest.verifyAddProductSearch()[pri:0, instance:com.billing.tests.AddProductTest@598bd2ba] output={null}]]]>
              </value>
            </param>
          </params>
          <reporter-output>
          </reporter-output>
        </test-method> <!-- takeScreenShotOnFailure -->
        <test-method is-config="true" signature="beforeMethod(java.lang.String)[pri:0, instance:com.billing.tests.AddProductTest@598bd2ba]" started-at="2023-07-30T18:46:42 IST" name="beforeMethod" finished-at="2023-07-30T18:46:48 IST" duration-ms="6217" status="PASS">
          <params>
            <param index="0">
              <value>
                <![CDATA[chrome]]>
              </value>
            </param>
          </params>
          <reporter-output>
          </reporter-output>
        </test-method> <!-- beforeMethod -->
        <test-method signature="verifyProductDeletion()[pri:0, instance:com.billing.tests.AddProductTest@598bd2ba]" started-at="2023-07-30T18:46:48 IST" name="verifyProductDeletion" finished-at="2023-07-30T18:46:55 IST" duration-ms="6879" status="PASS">
          <reporter-output>
          </reporter-output>
        </test-method> <!-- verifyProductDeletion -->
        <test-method is-config="true" signature="takeScreenShotOnFailure(org.testng.ITestResult)[pri:0, instance:com.billing.tests.AddProductTest@598bd2ba]" started-at="2023-07-30T18:46:55 IST" name="takeScreenShotOnFailure" finished-at="2023-07-30T18:46:56 IST" duration-ms="748" status="PASS">
          <params>
            <param index="0">
              <value>
                <![CDATA[[TestResult name=verifyProductDeletion status=SUCCESS method=AddProductTest.verifyProductDeletion()[pri:0, instance:com.billing.tests.AddProductTest@598bd2ba] output={null}]]]>
              </value>
            </param>
          </params>
          <reporter-output>
          </reporter-output>
        </test-method> <!-- takeScreenShotOnFailure -->
        <test-method is-config="true" signature="beforeMethod(java.lang.String)[pri:0, instance:com.billing.tests.AddProductTest@598bd2ba]" started-at="2023-07-30T18:46:57 IST" name="beforeMethod" finished-at="2023-07-30T18:47:07 IST" duration-ms="10382" status="PASS">
          <params>
            <param index="0">
              <value>
                <![CDATA[chrome]]>
              </value>
            </param>
          </params>
          <reporter-output>
          </reporter-output>
        </test-method> <!-- beforeMethod -->
        <test-method signature="verifyAddProductPage(java.lang.String,java.lang.String,java.lang.String,java.lang.String)[pri:1, instance:com.billing.tests.AddProductTest@598bd2ba]" started-at="2023-07-30T18:47:07 IST" name="verifyAddProductPage" data-provider="userData" finished-at="2023-07-30T18:47:17 IST" duration-ms="9804" status="PASS">
          <params>
            <param index="0">
              <value>
                <![CDATA[milk]]>
              </value>
            </param>
            <param index="1">
              <value>
                <![CDATA[51]]>
              </value>
            </param>
            <param index="2">
              <value>
                <![CDATA[45]]>
              </value>
            </param>
            <param index="3">
              <value>
                <![CDATA[55]]>
              </value>
            </param>
          </params>
          <reporter-output>
          </reporter-output>
        </test-method> <!-- verifyAddProductPage -->
        <test-method is-config="true" signature="takeScreenShotOnFailure(org.testng.ITestResult)[pri:0, instance:com.billing.tests.AddProductTest@598bd2ba]" started-at="2023-07-30T18:47:17 IST" name="takeScreenShotOnFailure" finished-at="2023-07-30T18:47:18 IST" duration-ms="738" status="PASS">
          <params>
            <param index="0">
              <value>
                <![CDATA[[TestResult name=verifyAddProductPage status=SUCCESS method=AddProductTest.verifyAddProductPage(java.lang.String,java.lang.String,java.lang.String,java.lang.String)[pri:1, instance:com.billing.tests.AddProductTest@598bd2ba] output={null}]]]>
              </value>
            </param>
          </params>
          <reporter-output>
          </reporter-output>
        </test-method> <!-- takeScreenShotOnFailure -->
      </class> <!-- com.billing.tests.AddProductTest -->
    </test> <!-- Test -->
  </suite> <!-- Suite -->
</testng-results>
